<?xml version="1.0" encoding="UTF-8"?>
<testsuite xmlns:xsi="http://www.w3.org/2001/XMLSchema-instance" xsi:noNamespaceSchemaLocation="https://maven.apache.org/surefire/maven-surefire-plugin/xsd/surefire-test-report.xsd" name="ibf2021.BankAccountTest" time="0" tests="2" errors="0" skipped="0" failures="2">
  <properties>
[...]
</properties>
  <testcase name="testGetBalance" classname="ibf2021.BankAccountTest" time="0">
    <failure type="java.lang.AssertionError">java.lang.AssertionError
	at ibf2021.BankAccountTest.testGetBalance(BankAccountTest.java:10)
</failure>
  </testcase>
  <testcase name="testDeposit" classname="ibf2021.BankAccountTest" time="0">
    <failure type="java.lang.AssertionError">java.lang.AssertionError
	at ibf2021.BankAccountTest.testDeposit(BankAccountTest.java:17)
</failure>
  </testcase>
</testsuite>